<?xml version="1.0" encoding="UTF-8"?>
<!-- Generated by org.testng.reporters.JUnitReportReporter -->
<testsuite hostname="DESKTOP-M9VHT88" failures="0" tests="1" name="testCases.TC001_AccountRegistratioonTest" time="4.705" errors="0" timestamp="2025-08-02T16:12:49 IST" skipped="0">
  <testcase classname="testCases.TC001_AccountRegistratioonTest" name="verify_account_registration" time="4.705"/>
</testsuite> <!-- testCases.TC001_AccountRegistratioonTest -->
