<?xml version="1.0" encoding="UTF-8"?>
<!-- Generated by org.testng.reporters.JUnitReportReporter -->
<testsuite hostname="DESKTOP-M9VHT88" failures="0" tests="1" name="testCases.TC002_LoginTest" time="3.688" errors="0" timestamp="2025-08-05T15:07:26 IST" skipped="0">
  <testcase classname="testCases.TC002_LoginTest" name="verify_Login" time="3.688"/>
</testsuite> <!-- testCases.TC002_LoginTest -->
